2015-07-28 16:33:35,375 INFO  [org.jboss.modules] (main) JBoss Modules version 1.3.3.Final
2015-07-28 16:33:35,804 INFO  [org.jboss.msc] (main) JBoss MSC version 1.2.2.Final
2015-07-28 16:33:35,893 INFO  [org.jboss.as] (MSC service thread 1-6) JBAS015899: WildFly 8.2.0.Final "Tweek" starting
2015-07-28 16:33:35,900 DEBUG [org.jboss.as.config] (MSC service thread 1-6) Configured system properties:
	[Standalone] = 
	awt.toolkit = sun.awt.windows.WToolkit
	file.encoding = Cp1251
	file.encoding.pkg = sun.io
	file.separator = \
	java.awt.graphicsenv = sun.awt.Win32GraphicsEnvironment
	java.awt.printerjob = sun.awt.windows.WPrinterJob
	java.class.path = D:\Didorenko\Project\test-platform\target\cargo\installs\wildfly-8.2.0.Final\wildfly-8.2.0.Final\jboss-modules.jar
	java.class.version = 52.0
	java.endorsed.dirs = C:\Program Files\Java\jdk1.8.0_45\jre\lib\endorsed
	java.ext.dirs = C:\Program Files\Java\jdk1.8.0_45\jre\lib\ext;C:\WINDOWS\Sun\Java\lib\ext
	java.home = C:\Program Files\Java\jdk1.8.0_45\jre
	java.io.tmpdir = C:\Users\c2612\AppData\Local\Temp\
	java.library.path = C:\Program Files\Java\jdk1.8.0_45\jre\bin;C:\WINDOWS\Sun\Java\bin;C:\WINDOWS\system32;C:\WINDOWS;C:\ProgramData\Oracle\Java\javapath;C:\Program Files (x86)\NVIDIA Corporation\PhysX\Common;C:\Program Files (x86)\Intel\iCLS Client\;C:\Program Files\Intel\iCLS Client\;C:\WINDOWS\system32;C:\WINDOWS;C:\WINDOWS\System32\Wbem;C:\WINDOWS\System32\WindowsPowerShell\v1.0\;C:\Program Files\Intel\Intel(R) Management Engine Components\DAL;C:\Program Files\Intel\Intel(R) Management Engine Components\IPT;C:\Program Files (x86)\Intel\Intel(R) Management Engine Components\DAL;C:\Program Files (x86)\Intel\Intel(R) Management Engine Components\IPT;C:\Program Files (x86)\Intel\OpenCL SDK\2.0\bin\x86;C:\Program Files (x86)\Intel\OpenCL SDK\2.0\bin\x64;C:\Program Files\Lenovo\Bluetooth Software\;C:\Program Files\Lenovo\Bluetooth Software\syswow64;C:\Program Files\Java\jdk1.7.0_51\bin;C:\Program Files\Java\jdk1.7.0_51\bin;C:\Users\c2612\apache-maven-3.2.1\bin;C:\Program Files\nodejs\;C:\Program Files\Microsoft SQL Server\110\Tools\Binn\;C:\Program Files (x86)\Microsoft SDKs\TypeScript\1.0\;C:\Program Files (x86)\scala\bin;C:\Program Files (x86)\sbt\\bin;C:\Python27;C:\Python27\Scripts;C:\ProgramData\Git\bin;C:\Program Files (x86)\Skype\Phone\;C:\Program Files\apache-tomcat-7.0.63\bin;C:\Program Files (x86)\NVIDIA Corporation\PhysX\Common;C:\Program Files (x86)\Intel\iCLS Client\;C:\Program Files\Intel\iCLS Client\;C:\WINDOWS\system32;C:\WINDOWS;C:\WINDOWS\System32\Wbem;C:\WINDOWS\System32\WindowsPowerShell\v1.0\;C:\Program Files\Intel\Intel(R) Management Engine Components\DAL;C:\Program Files\Intel\Intel(R) Management Engine Components\IPT;C:\Program Files (x86)\Intel\Intel(R) Management Engine Components\DAL;C:\Program Files (x86)\Intel\Intel(R) Management Engine Components\IPT;C:\Program Files (x86)\Intel\OpenCL SDK\2.0\bin\x86;C:\Program Files (x86)\Intel\OpenCL SDK\2.0\bin\x64;C:\Program Files\Lenovo\Bluetooth Software\;C:\Program Files\Lenovo\Bluetooth Software\syswow64;C:\Program Files\Java\jdk1.7.0_51\bin;C:\Program Files\TortoiseGit\bin;C:\Users\c2612\AppData\Roaming\npm;.
	java.runtime.name = Java(TM) SE Runtime Environment
	java.runtime.version = 1.8.0_45-b15
	java.specification.name = Java Platform API Specification
	java.specification.vendor = Oracle Corporation
	java.specification.version = 1.8
	java.util.logging.manager = org.jboss.logmanager.LogManager
	java.vendor = Oracle Corporation
	java.vendor.url = http://java.oracle.com/
	java.vendor.url.bug = http://bugreport.sun.com/bugreport/
	java.version = 1.8.0_45
	java.vm.info = interpreted mode
	java.vm.name = Java HotSpot(TM) 64-Bit Server VM
	java.vm.specification.name = Java Virtual Machine Specification
	java.vm.specification.vendor = Oracle Corporation
	java.vm.specification.version = 1.8
	java.vm.vendor = Oracle Corporation
	java.vm.version = 25.45-b02
	javax.management.builder.initial = org.jboss.as.jmx.PluggableMBeanServerBuilder
	javax.xml.datatype.DatatypeFactory = __redirected.__DatatypeFactory
	javax.xml.parsers.DocumentBuilderFactory = __redirected.__DocumentBuilderFactory
	javax.xml.parsers.SAXParserFactory = __redirected.__SAXParserFactory
	javax.xml.stream.XMLEventFactory = __redirected.__XMLEventFactory
	javax.xml.stream.XMLInputFactory = __redirected.__XMLInputFactory
	javax.xml.stream.XMLOutputFactory = __redirected.__XMLOutputFactory
	javax.xml.transform.TransformerFactory = __redirected.__TransformerFactory
	javax.xml.validation.SchemaFactory:http://www.w3.org/2001/XMLSchema = __redirected.__SchemaFactory
	javax.xml.xpath.XPathFactory:http://java.sun.com/jaxp/xpath/dom = __redirected.__XPathFactory
	jboss.bind.address = 0.0.0.0
	jboss.home.dir = D:\Didorenko\Project\test-platform\target\cargo\installs\wildfly-8.2.0.Final\wildfly-8.2.0.Final
	jboss.host.name = c2612
	jboss.modules.dir = D:\Didorenko\Project\test-platform\target\cargo\installs\wildfly-8.2.0.Final\wildfly-8.2.0.Final\modules
	jboss.node.name = c2612
	jboss.qualified.host.name = c2612
	jboss.server.base.dir = D:\Didorenko\Project\test-platform\target\cargo\configurations\wildfly8x
	jboss.server.config.dir = D:\Didorenko\Project\test-platform\target\cargo\configurations\wildfly8x\configuration
	jboss.server.data.dir = D:\Didorenko\Project\test-platform\target\cargo\configurations\wildfly8x\data
	jboss.server.deploy.dir = D:\Didorenko\Project\test-platform\target\cargo\configurations\wildfly8x\data\content
	jboss.server.home.dir = D:\Didorenko\Project\test-platform/target/cargo/installs/wildfly-8.2.0.Final/wildfly-8.2.0.Final
	jboss.server.log.dir = D:\Didorenko\Project\test-platform\target\cargo\configurations\wildfly8x\log
	jboss.server.name = c2612
	jboss.server.persist.config = true
	jboss.server.temp.dir = D:\Didorenko\Project\test-platform\target\cargo\configurations\wildfly8x\tmp
	line.separator = 

	logging.configuration = file:/D:/Didorenko/Project/test-platform/target/cargo/configurations/wildfly8x/configuration/logging.properties
	module.path = D:\Didorenko\Project\test-platform\target\cargo\installs\wildfly-8.2.0.Final\wildfly-8.2.0.Final/modules
	org.jboss.boot.log.file = D:\Didorenko\Project\test-platform\target\cargo\configurations\wildfly8x/log/boot.log
	org.jboss.resolver.warning = true
	org.xml.sax.driver = __redirected.__XMLReaderFactory
	os.arch = amd64
	os.name = Windows 8
	os.version = 6.2
	path.separator = ;
	sun.arch.data.model = 64
	sun.boot.class.path = C:\Program Files\Java\jdk1.8.0_45\jre\lib\resources.jar;C:\Program Files\Java\jdk1.8.0_45\jre\lib\rt.jar;C:\Program Files\Java\jdk1.8.0_45\jre\lib\sunrsasign.jar;C:\Program Files\Java\jdk1.8.0_45\jre\lib\jsse.jar;C:\Program Files\Java\jdk1.8.0_45\jre\lib\jce.jar;C:\Program Files\Java\jdk1.8.0_45\jre\lib\charsets.jar;C:\Program Files\Java\jdk1.8.0_45\jre\lib\jfr.jar;C:\Program Files\Java\jdk1.8.0_45\jre\classes
	sun.boot.library.path = C:\Program Files\Java\jdk1.8.0_45\jre\bin
	sun.cpu.endian = little
	sun.cpu.isalist = amd64
	sun.desktop = windows
	sun.io.unicode.encoding = UnicodeLittle
	sun.java.command = D:\Didorenko\Project\test-platform\target\cargo\installs\wildfly-8.2.0.Final\wildfly-8.2.0.Final\jboss-modules.jar -mp D:\Didorenko\Project\test-platform\target\cargo\installs\wildfly-8.2.0.Final\wildfly-8.2.0.Final/modules org.jboss.as.standalone --server-config=standalone-engine.xml
	sun.java.launcher = SUN_STANDARD
	sun.jnu.encoding = Cp1251
	sun.os.patch.level = 
	user.country = RU
	user.dir = D:\Didorenko\Project\test-platform\target\cargo\configurations\wildfly8x
	user.home = C:\Users\c2612
	user.language = ru
	user.name = c2612
	user.script = 
	user.timezone = Europe/Helsinki
	user.variant = 
2015-07-28 16:33:35,902 DEBUG [org.jboss.as.config] (MSC service thread 1-6) VM Arguments: -Xmx1024m -XX:MaxPermSize=512m -Xrunjdwp:transport=dt_socket,server=y,suspend=n,address=8000 -Xnoagent -Djava.compiler=NONE -Xms128m -XX:PermSize=48m -D[Standalone] -Djboss.server.home.dir=D:\Didorenko\Project\test-platform/target/cargo/installs/wildfly-8.2.0.Final/wildfly-8.2.0.Final -Djboss.home.dir=D:\Didorenko\Project\test-platform/target/cargo/installs/wildfly-8.2.0.Final/wildfly-8.2.0.Final -Dorg.jboss.boot.log.file=D:\Didorenko\Project\test-platform\target\cargo\configurations\wildfly8x/log/boot.log -Dlogging.configuration=file:/D:/Didorenko/Project/test-platform/target/cargo/configurations/wildfly8x/configuration/logging.properties -Djboss.home.dir=D:\Didorenko\Project\test-platform\target\cargo\installs\wildfly-8.2.0.Final\wildfly-8.2.0.Final -Djboss.server.base.dir=D:\Didorenko\Project\test-platform\target\cargo\configurations\wildfly8x -Djboss.bind.address=0.0.0.0 
2015-07-28 16:33:38,285 INFO  [org.jboss.as.server] (Controller Boot Thread) JBAS015888: Creating http management service using socket-binding (management-http)
2015-07-28 16:33:38,310 INFO  [org.xnio] (MSC service thread 1-5) XNIO version 3.3.0.Final
2015-07-28 16:33:38,324 INFO  [org.xnio.nio] (MSC service thread 1-5) XNIO NIO Implementation Version 3.3.0.Final
