[20:29:03.590][info][en2.ContainerRunMojo] Resolved container artifact org.codehaus.cargo:cargo-core-container-wildfly:jar:1.4.11 for container wildfly8x
[20:29:03.996][info][ller.ZipURLInstaller] Installing container in [D:\work\intellij\Project\target\cargo\installs\wildfly-8.2.0.Final]
[20:29:10.502][info][talledLocalContainer] Parsed JBoss version = [8.x]
[20:29:10.502][info][talledLocalContainer] WildFly 8.x starting...
[20:29:10.510][info][neLocalConfiguration] Configuring JBoss using the [standalone-engine] server configuration
[20:29:10.595][warn][neLocalConfiguration] JBoss 7 requires datasource JNDI names to start with java:/, hence changing the given JNDI name to: java:/jdbc/Quiz
[20:29:12.327][info][stalledLocalDeployer] Deploying [D:\work\intellij\Project\target\cargo\configurations\wildfly8x/tmp/cargo/test-platform.war] to [D:\work\intellij\Project\target\cargo\configurations\wildfly8x/deployments]...
[20:29:18.480][info][talledLocalContainer] Listening for transport dt_socket at address: 8000
[20:29:19.202][info][talledLocalContainer] 20:29:19,196 INFO  [org.jboss.modules] (main) JBoss Modules version 1.3.3.Final
[20:29:19.876][info][talledLocalContainer] 20:29:19,875 INFO  [org.jboss.msc] (main) JBoss MSC version 1.2.2.Final
[20:29:20.041][info][talledLocalContainer] 20:29:20,028 INFO  [org.jboss.as] (MSC service thread 1-1) JBAS015899: WildFly 8.2.0.Final "Tweek" starting
[20:29:24.474][info][talledLocalContainer] 20:29:24,462 INFO  [org.jboss.as.server] (Controller Boot Thread) JBAS015888: Creating http management service using socket-binding (management-http)
[20:29:24.517][info][talledLocalContainer] 20:29:24,516 INFO  [org.xnio] (MSC service thread 1-2) XNIO version 3.3.0.Final
[20:29:24.537][info][talledLocalContainer] 20:29:24,536 INFO  [org.xnio.nio] (MSC service thread 1-2) XNIO NIO Implementation Version 3.3.0.Final
[20:29:24.797][info][talledLocalContainer] 20:29:24,596 INFO  [org.wildfly.extension.io] (ServerService Thread Pool -- 31) WFLYIO001: Worker 'default' has auto-configured to 4 core threads with 32 task threads based on your 2 available processors
[20:29:24.872][info][talledLocalContainer] 20:29:24,768 INFO  [org.jboss.as.webservices] (ServerService Thread Pool -- 48) JBAS015537: Activating WebServices Extension
[20:29:24.891][info][talledLocalContainer] 20:29:24,871 INFO  [org.jboss.remoting] (MSC service thread 1-2) JBoss Remoting version 4.0.6.Final
[20:29:24.892][info][talledLocalContainer] 20:29:24,837 INFO  [org.wildfly.extension.undertow] (ServerService Thread Pool -- 47) JBAS017502: Undertow 1.1.0.Final starting
[20:29:24.925][info][talledLocalContainer] 20:29:24,814 INFO  [org.jboss.as.clustering.infinispan] (ServerService Thread Pool -- 32) JBAS010280: Activating Infinispan subsystem.
[20:29:24.930][info][talledLocalContainer] 20:29:24,779 INFO  [org.jboss.as.jsf] (ServerService Thread Pool -- 38) JBAS012615: Activated the following JSF Implementations: [main]
[20:29:24.939][info][talledLocalContainer] 20:29:24,939 INFO  [org.jboss.as.naming] (ServerService Thread Pool -- 40) JBAS011800: Activating Naming Subsystem
[20:29:24.947][info][talledLocalContainer] 20:29:24,765 WARN  [org.jboss.as.txn] (ServerService Thread Pool -- 46) JBAS010153: Node identifier property is set to the default value. Please make sure it is unique.
[20:29:24.956][info][talledLocalContainer] 20:29:24,753 INFO  [org.jboss.as.security] (ServerService Thread Pool -- 45) JBAS013171: Activating Security Subsystem
[20:29:25.305][info][talledLocalContainer] 20:29:25,298 ERROR [org.jboss.as.controller.management-operation] (ServerService Thread Pool -- 48) JBAS014612: Operation ("add") failed - address: ([("subsystem" => "webservices")]): java.lang.IllegalArgumentException: JBWS022117: Invalid address provided: Григорий-ПК
[20:29:25.305][info][talledLocalContainer] 	at org.jboss.ws.common.management.AbstractServerConfig.toIPv6URLFormat(AbstractServerConfig.java:148)
[20:29:25.305][info][talledLocalContainer] 	at org.jboss.ws.common.management.AbstractServerConfig.setWebServiceHost(AbstractServerConfig.java:127)
[20:29:25.305][info][talledLocalContainer] 	at org.jboss.as.webservices.config.ServerConfigImpl.setWebServiceHost(ServerConfigImpl.java:89)
[20:29:25.305][info][talledLocalContainer] 	at org.jboss.as.webservices.dmr.WSSubsystemAdd.createServerConfig(WSSubsystemAdd.java:102)
[20:29:25.305][info][talledLocalContainer] 	at org.jboss.as.webservices.dmr.WSSubsystemAdd.performBoottime(WSSubsystemAdd.java:92)
[20:29:25.305][info][talledLocalContainer] 	at org.jboss.as.controller.AbstractBoottimeAddStepHandler.performRuntime(AbstractBoottimeAddStepHandler.java:69) [wildfly-controller-8.2.0.Final.jar:8.2.0.Final]
[20:29:25.305][info][talledLocalContainer] 	at org.jboss.as.controller.AbstractAddStepHandler$1.execute(AbstractAddStepHandler.java:75) [wildfly-controller-8.2.0.Final.jar:8.2.0.Final]
[20:29:25.305][info][talledLocalContainer] 	at org.jboss.as.controller.AbstractOperationContext.executeStep(AbstractOperationContext.java:660) [wildfly-controller-8.2.0.Final.jar:8.2.0.Final]
[20:29:25.305][info][talledLocalContainer] 	at org.jboss.as.controller.AbstractOperationContext.doCompleteStep(AbstractOperationContext.java:501) [wildfly-controller-8.2.0.Final.jar:8.2.0.Final]
[20:29:25.305][info][talledLocalContainer] 	at org.jboss.as.controller.AbstractOperationContext.completeStepInternal(AbstractOperationContext.java:298) [wildfly-controller-8.2.0.Final.jar:8.2.0.Final]
[20:29:25.305][info][talledLocalContainer] 	at org.jboss.as.controller.AbstractOperationContext.executeOperation(AbstractOperationContext.java:293) [wildfly-controller-8.2.0.Final.jar:8.2.0.Final]
[20:29:25.306][info][talledLocalContainer] 	at org.jboss.as.controller.ParallelBootOperationStepHandler$ParallelBootTask.run(ParallelBootOperationStepHandler.java:354) [wildfly-controller-8.2.0.Final.jar:8.2.0.Final]
[20:29:25.306][info][talledLocalContainer] 	at java.util.concurrent.ThreadPoolExecutor.runWorker(ThreadPoolExecutor.java:1142) [rt.jar:1.8.0_45]
[20:29:25.306][info][talledLocalContainer] 	at java.util.concurrent.ThreadPoolExecutor$Worker.run(ThreadPoolExecutor.java:617) [rt.jar:1.8.0_45]
[20:29:25.306][info][talledLocalContainer] 	at java.lang.Thread.run(Thread.java:745) [rt.jar:1.8.0_45]
[20:29:25.306][info][talledLocalContainer] 	at org.jboss.threads.JBossThread.run(JBossThread.java:122) [jboss-threads-2.1.1.Final.jar:2.1.1.Final]
[20:29:25.306][info][talledLocalContainer] 
[20:29:25.321][info][talledLocalContainer] 20:29:25,208 INFO  [org.jboss.as.connector.subsystems.datasources] (ServerService Thread Pool -- 27) JBAS010404: Deploying non-JDBC-compliant driver class com.mysql.jdbc.Driver (version 5.1)
[20:29:25.355][info][talledLocalContainer] 20:29:25,201 INFO  [org.wildfly.extension.undertow] (MSC service thread 1-2) JBAS017502: Undertow 1.1.0.Final starting
[20:29:25.428][info][talledLocalContainer] 20:29:25,427 INFO  [org.jboss.as.security] (MSC service thread 1-2) JBAS013170: Current PicketBox version=4.0.21.Final
[20:29:25.553][info][talledLocalContainer] 20:29:25,548 INFO  [org.jboss.as.naming] (MSC service thread 1-1) JBAS011802: Starting Naming Service
[20:29:25.591][info][talledLocalContainer] 20:29:25,585 INFO  [org.jboss.as.mail.extension] (MSC service thread 1-3) JBAS015400: Bound mail session [java:jboss/mail/Default]
[20:29:25.706][info][talledLocalContainer] 20:29:25,664 INFO  [org.jboss.as.connector.logging] (MSC service thread 1-1) JBAS010408: Starting JCA Subsystem (IronJacamar 1.1.9.Final)
[20:29:25.726][info][talledLocalContainer] 20:29:25,723 INFO  [org.jboss.as.connector.subsystems.datasources] (ServerService Thread Pool -- 27) JBAS010403: Deploying JDBC-compliant driver class org.h2.Driver (version 1.3)
[20:29:26.013][info][talledLocalContainer] 20:29:26,012 INFO  [org.wildfly.extension.undertow] (ServerService Thread Pool -- 47) JBAS017527: Creating file handler for path D:\work\intellij\Project\target\cargo\installs\wildfly-8.2.0.Final\wildfly-8.2.0.Final/welcome-content
[20:29:26.036][info][talledLocalContainer] 20:29:26,035 INFO  [org.jboss.as.connector.deployers.jdbc] (MSC service thread 1-2) JBAS010417: Started Driver service with driver-name = com.mysql.jdbc.Driver
[20:29:26.036][info][talledLocalContainer] 20:29:26,036 INFO  [org.jboss.as.connector.deployers.jdbc] (MSC service thread 1-2) JBAS010417: Started Driver service with driver-name = h2
[20:29:26.104][info][talledLocalContainer] 20:29:26,103 INFO  [org.wildfly.extension.undertow] (MSC service thread 1-3) JBAS017525: Started server default-server.
[20:29:26.116][info][talledLocalContainer] 20:29:26,116 INFO  [org.wildfly.extension.undertow] (MSC service thread 1-2) JBAS017531: Host default-host starting
[20:29:26.714][info][talledLocalContainer] 20:29:26,713 ERROR [org.jboss.as.controller.management-operation] (Controller Boot Thread) "JBAS014784: Failed executing subsystem webservices boot operations"
[20:29:26.717][info][talledLocalContainer] 20:29:26,715 ERROR [org.jboss.as.controller.management-operation] (Controller Boot Thread) JBAS014613: Operation ("parallel-subsystem-boot") failed - address: ([]) - failure description: "\"JBAS014784: Failed executing subsystem webservices boot operations\""
[20:29:26.736][info][talledLocalContainer] 20:29:26,735 INFO  [org.wildfly.extension.undertow] (MSC service thread 1-3) JBAS017519: Undertow HTTP listener default listening on /0.0.0.0:8080
[20:29:26.771][info][talledLocalContainer] 20:29:26,770 INFO  [org.jboss.as.server.deployment.scanner] (MSC service thread 1-1) JBAS015012: Started FileSystemDeploymentService for directory D:\work\intellij\Project\target\cargo\configurations\wildfly8x\deployments
[20:29:26.843][info][talledLocalContainer] 20:29:26,842 INFO  [org.jboss.as.server.deployment] (MSC service thread 1-3) JBAS015876: Starting deployment of "test-platform.war" (runtime-name: "test-platform.war")
[20:29:26.857][info][talledLocalContainer] 20:29:26,856 INFO  [org.jboss.as.server.deployment] (MSC service thread 1-2) JBAS015876: Starting deployment of "cargocpc.war" (runtime-name: "cargocpc.war")
[20:29:27.167][info][talledLocalContainer] 20:29:27,166 INFO  [org.jboss.as.connector.subsystems.datasources] (MSC service thread 1-4) JBAS010400: Bound data source [java:/jdbc/Quiz]
[20:29:27.170][info][talledLocalContainer] 20:29:27,169 INFO  [org.jboss.as.connector.subsystems.datasources] (MSC service thread 1-1) JBAS010400: Bound data source [java:jboss/datasources/ExampleDS]
[20:29:29.254][info][talledLocalContainer] 20:29:29,253 INFO  [org.wildfly.extension.undertow] (MSC service thread 1-1) JBAS017534: Registered web context: /cargocpc
[20:29:29.425][info][talledLocalContainer] WildFly 8.x started on port [8080]
[20:29:34.485][info][talledLocalContainer] 20:29:34,485 INFO  [org.jboss.as.jpa] (MSC service thread 1-1) JBAS011401: Read persistence.xml for com.bionic.quiz
[20:29:35.604][info][talledLocalContainer] 20:29:35,603 INFO  [org.jboss.as.jpa] (ServerService Thread Pool -- 50) JBAS011409: Starting Persistence Unit (phase 1 of 2) Service 'test-platform.war#com.bionic.quiz'
[20:29:35.620][info][talledLocalContainer] 20:29:35,619 INFO  [org.hibernate.jpa.internal.util.LogHelper] (ServerService Thread Pool -- 50) HHH000204: Processing PersistenceUnitInfo [
[20:29:35.620][info][talledLocalContainer] 	name: com.bionic.quiz
[20:29:35.620][info][talledLocalContainer] 	...]
[20:29:35.762][info][talledLocalContainer] 20:29:35,761 INFO  [org.hibernate.Version] (ServerService Thread Pool -- 50) HHH000412: Hibernate Core {4.3.7.Final}
[20:29:35.766][info][talledLocalContainer] 20:29:35,765 INFO  [org.hibernate.cfg.Environment] (ServerService Thread Pool -- 50) HHH000206: hibernate.properties not found
[20:29:35.769][info][talledLocalContainer] 20:29:35,768 INFO  [org.hibernate.cfg.Environment] (ServerService Thread Pool -- 50) HHH000021: Bytecode provider name : javassist
[20:29:35.989][info][talledLocalContainer] 20:29:35,989 INFO  [org.jboss.weld.deployer] (MSC service thread 1-4) JBAS016002: Processing weld deployment test-platform.war
[20:29:36.153][info][talledLocalContainer] 20:29:36,152 INFO  [org.hibernate.validator.internal.util.Version] (MSC service thread 1-4) HV000001: Hibernate Validator 5.1.3.Final
[20:29:36.889][info][talledLocalContainer] 20:29:36,888 INFO  [org.jboss.as.connector.deployers.jdbc] (MSC service thread 1-4) JBAS010404: Deploying non-JDBC-compliant driver class com.mysql.jdbc.Driver (version 5.1)
[20:29:36.892][info][talledLocalContainer] 20:29:36,891 INFO  [org.jboss.as.connector.deployers.jdbc] (MSC service thread 1-4) JBAS010404: Deploying non-JDBC-compliant driver class com.mysql.fabric.jdbc.FabricMySQLDriver (version 5.1)
[20:29:36.893][info][talledLocalContainer] 20:29:36,893 INFO  [org.jboss.weld.deployer] (MSC service thread 1-4) JBAS016005: Starting Services for CDI deployment: test-platform.war
[20:29:37.000][info][talledLocalContainer] 20:29:36,998 INFO  [org.jboss.weld.Version] (MSC service thread 1-4) WELD-000900: 2.2.6 (Final)
[20:29:37.031][info][talledLocalContainer] 20:29:37,030 INFO  [org.jboss.as.connector.deployers.jdbc] (MSC service thread 1-4) JBAS010417: Started Driver service with driver-name = test-platform.war_com.mysql.jdbc.Driver_5_1
[20:29:37.031][info][talledLocalContainer] 20:29:37,030 INFO  [org.jboss.as.connector.deployers.jdbc] (MSC service thread 1-1) JBAS010417: Started Driver service with driver-name = test-platform.war_com.mysql.fabric.jdbc.FabricMySQLDriver_5_1
[20:29:37.033][info][talledLocalContainer] 20:29:37,032 INFO  [org.jboss.weld.deployer] (MSC service thread 1-3) JBAS016008: Starting weld service for deployment test-platform.war
[20:29:37.332][info][talledLocalContainer] 20:29:37,331 INFO  [org.jboss.as.jpa] (ServerService Thread Pool -- 50) JBAS011409: Starting Persistence Unit (phase 2 of 2) Service 'test-platform.war#com.bionic.quiz'
[20:29:37.734][info][talledLocalContainer] 20:29:37,719 INFO  [org.hibernate.annotations.common.Version] (ServerService Thread Pool -- 50) HCANN000001: Hibernate Commons Annotations {4.0.4.Final}
[20:29:39.017][info][talledLocalContainer] 20:29:39,017 INFO  [org.hibernate.dialect.Dialect] (ServerService Thread Pool -- 50) HHH000400: Using dialect: org.hibernate.dialect.MySQLDialect
[20:29:39.383][info][talledLocalContainer] 20:29:39,381 INFO  [org.hibernate.hql.internal.ast.ASTQueryTranslatorFactory] (ServerService Thread Pool -- 50) HHH000397: Using ASTQueryTranslatorFactory
[20:29:41.909][info][talledLocalContainer] 20:29:41,909 INFO  [javax.enterprise.resource.webcontainer.jsf.config] (MSC service thread 1-1) Initializing Mojarra 2.2.8-jbossorg-1 20140822-1131 for context '/test-platform'
[20:29:51.527][info][talledLocalContainer] 20:29:51,526 INFO  [org.wildfly.extension.undertow] (MSC service thread 1-1) JBAS017534: Registered web context: /test-platform
[20:29:51.731][info][talledLocalContainer] 20:29:51,730 INFO  [org.jboss.as.server] (ServerService Thread Pool -- 28) JBAS018559: Deployed "test-platform.war" (runtime-name : "test-platform.war")
[20:29:51.731][info][talledLocalContainer] 20:29:51,731 INFO  [org.jboss.as.server] (ServerService Thread Pool -- 28) JBAS018559: Deployed "cargocpc.war" (runtime-name : "cargocpc.war")
[20:29:52.119][info][talledLocalContainer] 20:29:52,118 INFO  [org.jboss.as] (Controller Boot Thread) JBAS015961: Http management interface listening on http://127.0.0.1:9990/management
[20:29:52.120][info][talledLocalContainer] 20:29:52,119 INFO  [org.jboss.as] (Controller Boot Thread) JBAS015951: Admin console listening on http://127.0.0.1:9990
[20:29:52.121][info][talledLocalContainer] 20:29:52,120 INFO  [org.jboss.as] (Controller Boot Thread) JBAS015874: WildFly 8.2.0.Final "Tweek" started in 33586ms - Started 350 of 409 services (101 services are lazy, passive or on-demand)
[20:29:57.145][info][talledLocalContainer] 20:29:57,135 ERROR [io.undertow.request] (default task-18) UT005023: Exception handling request to /test-platform/unsuccessful.xhtml: javax.servlet.ServletException: viewId:/unsuccessful.xhtml - View /unsuccessful.xhtml could not be restored.
[20:29:57.145][info][talledLocalContainer] 	at javax.faces.webapp.FacesServlet.service(FacesServlet.java:659) [jboss-jsf-api_2.2_spec-2.2.8.jar:2.2.8]
[20:29:57.145][info][talledLocalContainer] 	at io.undertow.servlet.handlers.ServletHandler.handleRequest(ServletHandler.java:85) [undertow-servlet-1.1.0.Final.jar:1.1.0.Final]
[20:29:57.146][info][talledLocalContainer] 	at io.undertow.servlet.handlers.security.ServletSecurityRoleHandler.handleRequest(ServletSecurityRoleHandler.java:61) [undertow-servlet-1.1.0.Final.jar:1.1.0.Final]
[20:29:57.146][info][talledLocalContainer] 	at io.undertow.servlet.handlers.ServletDispatchingHandler.handleRequest(ServletDispatchingHandler.java:36) [undertow-servlet-1.1.0.Final.jar:1.1.0.Final]
[20:29:57.146][info][talledLocalContainer] 	at org.wildfly.extension.undertow.security.SecurityContextAssociationHandler.handleRequest(SecurityContextAssociationHandler.java:78)
[20:29:57.146][info][talledLocalContainer] 	at io.undertow.server.handlers.PredicateHandler.handleRequest(PredicateHandler.java:43) [undertow-core-1.1.0.Final.jar:1.1.0.Final]
[20:29:57.146][info][talledLocalContainer] 	at io.undertow.servlet.handlers.security.SSLInformationAssociationHandler.handleRequest(SSLInformationAssociationHandler.java:131) [undertow-servlet-1.1.0.Final.jar:1.1.0.Final]
[20:29:57.146][info][talledLocalContainer] 	at io.undertow.servlet.handlers.security.ServletAuthenticationCallHandler.handleRequest(ServletAuthenticationCallHandler.java:56) [undertow-servlet-1.1.0.Final.jar:1.1.0.Final]
[20:29:57.146][info][talledLocalContainer] 	at io.undertow.server.handlers.PredicateHandler.handleRequest(PredicateHandler.java:43) [undertow-core-1.1.0.Final.jar:1.1.0.Final]
[20:29:57.146][info][talledLocalContainer] 	at io.undertow.security.handlers.AbstractConfidentialityHandler.handleRequest(AbstractConfidentialityHandler.java:45) [undertow-core-1.1.0.Final.jar:1.1.0.Final]
[20:29:57.146][info][talledLocalContainer] 	at io.undertow.servlet.handlers.security.ServletConfidentialityConstraintHandler.handleRequest(ServletConfidentialityConstraintHandler.java:63) [undertow-servlet-1.1.0.Final.jar:1.1.0.Final]
[20:29:57.146][info][talledLocalContainer] 	at io.undertow.security.handlers.AuthenticationMechanismsHandler.handleRequest(AuthenticationMechanismsHandler.java:58) [undertow-core-1.1.0.Final.jar:1.1.0.Final]
[20:29:57.147][info][talledLocalContainer] 	at io.undertow.servlet.handlers.security.CachedAuthenticatedSessionHandler.handleRequest(CachedAuthenticatedSessionHandler.java:70) [undertow-servlet-1.1.0.Final.jar:1.1.0.Final]
[20:29:57.147][info][talledLocalContainer] 	at io.undertow.security.handlers.SecurityInitialHandler.handleRequest(SecurityInitialHandler.java:76) [undertow-core-1.1.0.Final.jar:1.1.0.Final]
[20:29:57.147][info][talledLocalContainer] 	at io.undertow.server.handlers.PredicateHandler.handleRequest(PredicateHandler.java:43) [undertow-core-1.1.0.Final.jar:1.1.0.Final]
[20:29:57.147][info][talledLocalContainer] 	at org.wildfly.extension.undertow.security.jacc.JACCContextIdHandler.handleRequest(JACCContextIdHandler.java:61)
[20:29:57.147][info][talledLocalContainer] 	at io.undertow.server.handlers.PredicateHandler.handleRequest(PredicateHandler.java:43) [undertow-core-1.1.0.Final.jar:1.1.0.Final]
[20:29:57.147][info][talledLocalContainer] 	at io.undertow.server.handlers.PredicateHandler.handleRequest(PredicateHandler.java:43) [undertow-core-1.1.0.Final.jar:1.1.0.Final]
[20:29:57.147][info][talledLocalContainer] 	at io.undertow.servlet.handlers.ServletInitialHandler.handleFirstRequest(ServletInitialHandler.java:261) [undertow-servlet-1.1.0.Final.jar:1.1.0.Final]
[20:29:57.147][info][talledLocalContainer] 	at io.undertow.servlet.handlers.ServletInitialHandler.dispatchRequest(ServletInitialHandler.java:247) [undertow-servlet-1.1.0.Final.jar:1.1.0.Final]
[20:29:57.147][info][talledLocalContainer] 	at io.undertow.servlet.handlers.ServletInitialHandler.access$000(ServletInitialHandler.java:76) [undertow-servlet-1.1.0.Final.jar:1.1.0.Final]
[20:29:57.147][info][talledLocalContainer] 	at io.undertow.servlet.handlers.ServletInitialHandler$1.handleRequest(ServletInitialHandler.java:166) [undertow-servlet-1.1.0.Final.jar:1.1.0.Final]
[20:29:57.148][info][talledLocalContainer] 	at io.undertow.server.Connectors.executeRootHandler(Connectors.java:197) [undertow-core-1.1.0.Final.jar:1.1.0.Final]
[20:29:57.148][info][talledLocalContainer] 	at io.undertow.server.HttpServerExchange$1.run(HttpServerExchange.java:759) [undertow-core-1.1.0.Final.jar:1.1.0.Final]
[20:29:57.148][info][talledLocalContainer] 	at java.util.concurrent.ThreadPoolExecutor.runWorker(ThreadPoolExecutor.java:1142) [rt.jar:1.8.0_45]
[20:29:57.148][info][talledLocalContainer] 	at java.util.concurrent.ThreadPoolExecutor$Worker.run(ThreadPoolExecutor.java:617) [rt.jar:1.8.0_45]
[20:29:57.148][info][talledLocalContainer] 	at java.lang.Thread.run(Thread.java:745) [rt.jar:1.8.0_45]
[20:29:57.148][info][talledLocalContainer] Caused by: javax.faces.application.ViewExpiredException: viewId:/unsuccessful.xhtml - View /unsuccessful.xhtml could not be restored.
[20:29:57.148][info][talledLocalContainer] 	at com.sun.faces.lifecycle.RestoreViewPhase.execute(RestoreViewPhase.java:210) [jsf-impl-2.2.8-jbossorg-1.jar:]
[20:29:57.148][info][talledLocalContainer] 	at com.sun.faces.lifecycle.Phase.doPhase(Phase.java:101) [jsf-impl-2.2.8-jbossorg-1.jar:]
[20:29:57.148][info][talledLocalContainer] 	at com.sun.faces.lifecycle.RestoreViewPhase.doPhase(RestoreViewPhase.java:121) [jsf-impl-2.2.8-jbossorg-1.jar:]
[20:29:57.148][info][talledLocalContainer] 	at com.sun.faces.lifecycle.LifecycleImpl.execute(LifecycleImpl.java:198) [jsf-impl-2.2.8-jbossorg-1.jar:]
[20:29:57.148][info][talledLocalContainer] 	at javax.faces.webapp.FacesServlet.service(FacesServlet.java:646) [jboss-jsf-api_2.2_spec-2.2.8.jar:2.2.8]
[20:29:57.148][info][talledLocalContainer] 	... 26 more
[20:29:57.148][info][talledLocalContainer] 
[20:30:25.197][info][talledLocalContainer] 20:30:25,196 INFO  [stdout] (default task-21) Starting transaction
[20:30:25.710][info][talledLocalContainer] 20:30:25,710 INFO  [stdout] (default task-21) Committing transaction
[20:30:25.711][info][talledLocalContainer] 20:30:25,711 INFO  [stdout] (default task-21) Starting transaction
[20:30:25.806][info][talledLocalContainer] 20:30:25,806 WARN  [org.hibernate.engine.jdbc.spi.SqlExceptionHelper] (default task-21) SQL Error: 1062, SQLState: 23000
[20:30:25.807][info][talledLocalContainer] 20:30:25,806 ERROR [org.hibernate.engine.jdbc.spi.SqlExceptionHelper] (default task-21) Duplicate entry '123123' for key 'email'
[20:30:25.866][info][talledLocalContainer] 20:30:25,865 INFO  [stdout] (default task-21) -------------------
[20:30:25.867][info][talledLocalContainer] 20:30:25,866 ERROR [stderr] (default task-21) javax.persistence.PersistenceException: org.hibernate.exception.ConstraintViolationException: could not execute statement
[20:30:25.868][info][talledLocalContainer] 20:30:25,867 ERROR [stderr] (default task-21) 	at org.hibernate.jpa.spi.AbstractEntityManagerImpl.convert(AbstractEntityManagerImpl.java:1763)
[20:30:25.868][info][talledLocalContainer] 20:30:25,868 ERROR [stderr] (default task-21) 	at org.hibernate.jpa.spi.AbstractEntityManagerImpl.convert(AbstractEntityManagerImpl.java:1677)
[20:30:25.869][info][talledLocalContainer] 20:30:25,868 ERROR [stderr] (default task-21) 	at org.hibernate.jpa.spi.AbstractEntityManagerImpl.convert(AbstractEntityManagerImpl.java:1683)
[20:30:25.870][info][talledLocalContainer] 20:30:25,869 ERROR [stderr] (default task-21) 	at org.hibernate.jpa.spi.AbstractEntityManagerImpl.persist(AbstractEntityManagerImpl.java:1187)
[20:30:25.871][info][talledLocalContainer] 20:30:25,870 ERROR [stderr] (default task-21) 	at org.jboss.as.jpa.container.AbstractEntityManager.persist(AbstractEntityManager.java:581)
[20:30:25.871][info][talledLocalContainer] 20:30:25,870 ERROR [stderr] (default task-21) 	at com.bionic.university.dao.AbstractDAO.save(AbstractDAO.java:63)
[20:30:25.871][info][talledLocalContainer] 20:30:25,871 ERROR [stderr] (default task-21) 	at com.bionic.university.dao.UserDAO$Proxy$_$$_WeldSubclass.save(Unknown Source)
[20:30:25.872][info][talledLocalContainer] 20:30:25,872 ERROR [stderr] (default task-21) 	at sun.reflect.NativeMethodAccessorImpl.invoke0(Native Method)
[20:30:25.873][info][talledLocalContainer] 20:30:25,872 ERROR [stderr] (default task-21) 	at sun.reflect.NativeMethodAccessorImpl.invoke(NativeMethodAccessorImpl.java:62)
[20:30:25.873][info][talledLocalContainer] 20:30:25,873 ERROR [stderr] (default task-21) 	at sun.reflect.DelegatingMethodAccessorImpl.invoke(DelegatingMethodAccessorImpl.java:43)
[20:30:25.874][info][talledLocalContainer] 20:30:25,873 ERROR [stderr] (default task-21) 	at java.lang.reflect.Method.invoke(Method.java:497)
[20:30:25.874][info][talledLocalContainer] 20:30:25,874 ERROR [stderr] (default task-21) 	at org.jboss.weld.interceptor.proxy.SimpleInterceptionChain.interceptorChainCompleted(SimpleInterceptionChain.java:51)
[20:30:25.875][info][talledLocalContainer] 20:30:25,875 ERROR [stderr] (default task-21) 	at org.jboss.weld.interceptor.chain.AbstractInterceptionChain.finish(AbstractInterceptionChain.java:148)
[20:30:25.876][info][talledLocalContainer] 20:30:25,875 ERROR [stderr] (default task-21) 	at org.jboss.weld.interceptor.chain.AbstractInterceptionChain.invokeNextInterceptor(AbstractInterceptionChain.java:104)
[20:30:25.876][info][talledLocalContainer] 20:30:25,876 ERROR [stderr] (default task-21) 	at org.jboss.weld.interceptor.proxy.InterceptorInvocationContext.proceed(InterceptorInvocationContext.java:149)
[20:30:25.877][info][talledLocalContainer] 20:30:25,876 ERROR [stderr] (default task-21) 	at com.bionic.university.interceptor.TxInterceptor.manageTransaction(TxInterceptor.java:22)
[20:30:25.877][info][talledLocalContainer] 20:30:25,877 ERROR [stderr] (default task-21) 	at sun.reflect.NativeMethodAccessorImpl.invoke0(Native Method)
[20:30:25.878][info][talledLocalContainer] 20:30:25,878 ERROR [stderr] (default task-21) 	at sun.reflect.NativeMethodAccessorImpl.invoke(NativeMethodAccessorImpl.java:62)
[20:30:25.879][info][talledLocalContainer] 20:30:25,878 ERROR [stderr] (default task-21) 	at sun.reflect.DelegatingMethodAccessorImpl.invoke(DelegatingMethodAccessorImpl.java:43)
[20:30:25.880][info][talledLocalContainer] 20:30:25,879 ERROR [stderr] (default task-21) 	at java.lang.reflect.Method.invoke(Method.java:497)
[20:30:25.880][info][talledLocalContainer] 20:30:25,879 ERROR [stderr] (default task-21) 	at org.jboss.weld.interceptor.reader.SimpleInterceptorInvocation$SimpleMethodInvocation.invoke(SimpleInterceptorInvocation.java:74)
[20:30:25.881][info][talledLocalContainer] 20:30:25,880 ERROR [stderr] (default task-21) 	at org.jboss.weld.interceptor.chain.AbstractInterceptionChain.invokeNext(AbstractInterceptionChain.java:124)
[20:30:25.881][info][talledLocalContainer] 20:30:25,881 ERROR [stderr] (default task-21) 	at org.jboss.weld.interceptor.chain.AbstractInterceptionChain.invokeNextInterceptor(AbstractInterceptionChain.java:102)
[20:30:25.882][info][talledLocalContainer] 20:30:25,881 ERROR [stderr] (default task-21) 	at org.jboss.weld.interceptor.proxy.InterceptorMethodHandler.executeInterception(InterceptorMethodHandler.java:43)
[20:30:25.883][info][talledLocalContainer] 20:30:25,882 ERROR [stderr] (default task-21) 	at org.jboss.weld.interceptor.proxy.InterceptorMethodHandler.invoke(InterceptorMethodHandler.java:36)
[20:30:25.883][info][talledLocalContainer] 20:30:25,883 ERROR [stderr] (default task-21) 	at org.jboss.weld.bean.proxy.CombinedInterceptorAndDecoratorStackMethodHandler.invoke(CombinedInterceptorAndDecoratorStackMethodHandler.java:51)
[20:30:25.884][info][talledLocalContainer] 20:30:25,883 ERROR [stderr] (default task-21) 	at com.bionic.university.dao.UserDAO$Proxy$_$$_WeldSubclass.save(Unknown Source)
[20:30:25.884][info][talledLocalContainer] 20:30:25,884 ERROR [stderr] (default task-21) 	at com.bionic.university.services.RegistrationService.add(RegistrationService.java:23)
[20:30:25.885][info][talledLocalContainer] 20:30:25,885 ERROR [stderr] (default task-21) 	at com.bionic.university.jsf.RegistrationBean.userAdd(RegistrationBean.java:80)
[20:30:25.886][info][talledLocalContainer] 20:30:25,885 ERROR [stderr] (default task-21) 	at sun.reflect.NativeMethodAccessorImpl.invoke0(Native Method)
[20:30:25.886][info][talledLocalContainer] 20:30:25,886 ERROR [stderr] (default task-21) 	at sun.reflect.NativeMethodAccessorImpl.invoke(NativeMethodAccessorImpl.java:62)
[20:30:25.887][info][talledLocalContainer] 20:30:25,886 ERROR [stderr] (default task-21) 	at sun.reflect.DelegatingMethodAccessorImpl.invoke(DelegatingMethodAccessorImpl.java:43)
[20:30:25.887][info][talledLocalContainer] 20:30:25,887 ERROR [stderr] (default task-21) 	at java.lang.reflect.Method.invoke(Method.java:497)
[20:30:25.888][info][talledLocalContainer] 20:30:25,888 ERROR [stderr] (default task-21) 	at com.sun.el.parser.AstValue.invoke(AstValue.java:292)
[20:30:25.888][info][talledLocalContainer] 20:30:25,888 ERROR [stderr] (default task-21) 	at com.sun.el.MethodExpressionImpl.invoke(MethodExpressionImpl.java:304)
[20:30:25.889][info][talledLocalContainer] 20:30:25,889 ERROR [stderr] (default task-21) 	at org.jboss.weld.util.el.ForwardingMethodExpression.invoke(ForwardingMethodExpression.java:40)
[20:30:25.890][info][talledLocalContainer] 20:30:25,889 ERROR [stderr] (default task-21) 	at org.jboss.weld.el.WeldMethodExpression.invoke(WeldMethodExpression.java:50)
[20:30:25.890][info][talledLocalContainer] 20:30:25,890 ERROR [stderr] (default task-21) 	at org.jboss.weld.util.el.ForwardingMethodExpression.invoke(ForwardingMethodExpression.java:40)
[20:30:25.891][info][talledLocalContainer] 20:30:25,890 ERROR [stderr] (default task-21) 	at org.jboss.weld.el.WeldMethodExpression.invoke(WeldMethodExpression.java:50)
[20:30:25.892][info][talledLocalContainer] 20:30:25,891 ERROR [stderr] (default task-21) 	at com.sun.faces.facelets.el.TagMethodExpression.invoke(TagMethodExpression.java:105)
[20:30:25.892][info][talledLocalContainer] 20:30:25,892 ERROR [stderr] (default task-21) 	at javax.faces.component.MethodBindingMethodExpressionAdapter.invoke(MethodBindingMethodExpressionAdapter.java:87)
[20:30:25.893][info][talledLocalContainer] 20:30:25,892 ERROR [stderr] (default task-21) 	at com.sun.faces.application.ActionListenerImpl.processAction(ActionListenerImpl.java:102)
[20:30:25.894][info][talledLocalContainer] 20:30:25,893 ERROR [stderr] (default task-21) 	at javax.faces.component.UICommand.broadcast(UICommand.java:315)
[20:30:25.894][info][talledLocalContainer] 20:30:25,894 ERROR [stderr] (default task-21) 	at javax.faces.component.UIViewRoot.broadcastEvents(UIViewRoot.java:790)
[20:30:25.895][info][talledLocalContainer] 20:30:25,894 ERROR [stderr] (default task-21) 	at javax.faces.component.UIViewRoot.processApplication(UIViewRoot.java:1282)
[20:30:25.897][info][talledLocalContainer] 20:30:25,895 ERROR [stderr] (default task-21) 	at com.sun.faces.lifecycle.InvokeApplicationPhase.execute(InvokeApplicationPhase.java:81)
[20:30:25.897][info][talledLocalContainer] 20:30:25,896 ERROR [stderr] (default task-21) 	at com.sun.faces.lifecycle.Phase.doPhase(Phase.java:101)
[20:30:25.897][info][talledLocalContainer] 20:30:25,896 ERROR [stderr] (default task-21) 	at com.sun.faces.lifecycle.LifecycleImpl.execute(LifecycleImpl.java:198)
[20:30:25.897][info][talledLocalContainer] 20:30:25,897 ERROR [stderr] (default task-21) 	at javax.faces.webapp.FacesServlet.service(FacesServlet.java:646)
[20:30:25.898][info][talledLocalContainer] 20:30:25,897 ERROR [stderr] (default task-21) 	at io.undertow.servlet.handlers.ServletHandler.handleRequest(ServletHandler.java:85)
[20:30:25.898][info][talledLocalContainer] 20:30:25,898 ERROR [stderr] (default task-21) 	at io.undertow.servlet.handlers.security.ServletSecurityRoleHandler.handleRequest(ServletSecurityRoleHandler.java:61)
[20:30:25.899][info][talledLocalContainer] 20:30:25,899 ERROR [stderr] (default task-21) 	at io.undertow.servlet.handlers.ServletDispatchingHandler.handleRequest(ServletDispatchingHandler.java:36)
[20:30:25.900][info][talledLocalContainer] 20:30:25,899 ERROR [stderr] (default task-21) 	at org.wildfly.extension.undertow.security.SecurityContextAssociationHandler.handleRequest(SecurityContextAssociationHandler.java:78)
[20:30:25.900][info][talledLocalContainer] 20:30:25,900 ERROR [stderr] (default task-21) 	at io.undertow.server.handlers.PredicateHandler.handleRequest(PredicateHandler.java:43)
[20:30:25.901][info][talledLocalContainer] 20:30:25,901 ERROR [stderr] (default task-21) 	at io.undertow.servlet.handlers.security.SSLInformationAssociationHandler.handleRequest(SSLInformationAssociationHandler.java:131)
[20:30:25.902][info][talledLocalContainer] 20:30:25,902 ERROR [stderr] (default task-21) 	at io.undertow.servlet.handlers.security.ServletAuthenticationCallHandler.handleRequest(ServletAuthenticationCallHandler.java:56)
[20:30:25.903][info][talledLocalContainer] 20:30:25,902 ERROR [stderr] (default task-21) 	at io.undertow.server.handlers.PredicateHandler.handleRequest(PredicateHandler.java:43)
[20:30:25.903][info][talledLocalContainer] 20:30:25,903 ERROR [stderr] (default task-21) 	at io.undertow.security.handlers.AbstractConfidentialityHandler.handleRequest(AbstractConfidentialityHandler.java:45)
[20:30:25.904][info][talledLocalContainer] 20:30:25,904 ERROR [stderr] (default task-21) 	at io.undertow.servlet.handlers.security.ServletConfidentialityConstraintHandler.handleRequest(ServletConfidentialityConstraintHandler.java:63)
[20:30:25.905][info][talledLocalContainer] 20:30:25,904 ERROR [stderr] (default task-21) 	at io.undertow.security.handlers.AuthenticationMechanismsHandler.handleRequest(AuthenticationMechanismsHandler.java:58)
[20:30:25.905][info][talledLocalContainer] 20:30:25,905 ERROR [stderr] (default task-21) 	at io.undertow.servlet.handlers.security.CachedAuthenticatedSessionHandler.handleRequest(CachedAuthenticatedSessionHandler.java:70)
[20:30:25.906][info][talledLocalContainer] 20:30:25,906 ERROR [stderr] (default task-21) 	at io.undertow.security.handlers.SecurityInitialHandler.handleRequest(SecurityInitialHandler.java:76)
[20:30:25.907][info][talledLocalContainer] 20:30:25,906 ERROR [stderr] (default task-21) 	at io.undertow.server.handlers.PredicateHandler.handleRequest(PredicateHandler.java:43)
[20:30:25.907][info][talledLocalContainer] 20:30:25,907 ERROR [stderr] (default task-21) 	at org.wildfly.extension.undertow.security.jacc.JACCContextIdHandler.handleRequest(JACCContextIdHandler.java:61)
[20:30:25.908][info][talledLocalContainer] 20:30:25,908 ERROR [stderr] (default task-21) 	at io.undertow.server.handlers.PredicateHandler.handleRequest(PredicateHandler.java:43)
[20:30:25.909][info][talledLocalContainer] 20:30:25,908 ERROR [stderr] (default task-21) 	at io.undertow.server.handlers.PredicateHandler.handleRequest(PredicateHandler.java:43)
[20:30:25.909][info][talledLocalContainer] 20:30:25,909 ERROR [stderr] (default task-21) 	at io.undertow.servlet.handlers.ServletInitialHandler.handleFirstRequest(ServletInitialHandler.java:261)
[20:30:25.910][info][talledLocalContainer] 20:30:25,909 ERROR [stderr] (default task-21) 	at io.undertow.servlet.handlers.ServletInitialHandler.dispatchRequest(ServletInitialHandler.java:247)
[20:30:25.910][info][talledLocalContainer] 20:30:25,910 ERROR [stderr] (default task-21) 	at io.undertow.servlet.handlers.ServletInitialHandler.access$000(ServletInitialHandler.java:76)
[20:30:25.911][info][talledLocalContainer] 20:30:25,911 ERROR [stderr] (default task-21) 	at io.undertow.servlet.handlers.ServletInitialHandler$1.handleRequest(ServletInitialHandler.java:166)
[20:30:25.912][info][talledLocalContainer] 20:30:25,911 ERROR [stderr] (default task-21) 	at io.undertow.server.Connectors.executeRootHandler(Connectors.java:197)
[20:30:25.912][info][talledLocalContainer] 20:30:25,912 ERROR [stderr] (default task-21) 	at io.undertow.server.HttpServerExchange$1.run(HttpServerExchange.java:759)
[20:30:25.913][info][talledLocalContainer] 20:30:25,912 ERROR [stderr] (default task-21) 	at java.util.concurrent.ThreadPoolExecutor.runWorker(ThreadPoolExecutor.java:1142)
[20:30:25.913][info][talledLocalContainer] 20:30:25,913 ERROR [stderr] (default task-21) 	at java.util.concurrent.ThreadPoolExecutor$Worker.run(ThreadPoolExecutor.java:617)
[20:30:25.914][info][talledLocalContainer] 20:30:25,914 ERROR [stderr] (default task-21) 	at java.lang.Thread.run(Thread.java:745)
[20:30:25.915][info][talledLocalContainer] 20:30:25,915 ERROR [stderr] (default task-21) Caused by: org.hibernate.exception.ConstraintViolationException: could not execute statement
[20:30:25.916][info][talledLocalContainer] 20:30:25,915 ERROR [stderr] (default task-21) 	at org.hibernate.exception.internal.SQLExceptionTypeDelegate.convert(SQLExceptionTypeDelegate.java:72)
[20:30:25.916][info][talledLocalContainer] 20:30:25,916 ERROR [stderr] (default task-21) 	at org.hibernate.exception.internal.StandardSQLExceptionConverter.convert(StandardSQLExceptionConverter.java:49)
[20:30:25.917][info][talledLocalContainer] 20:30:25,917 ERROR [stderr] (default task-21) 	at org.hibernate.engine.jdbc.spi.SqlExceptionHelper.convert(SqlExceptionHelper.java:126)
[20:30:25.918][info][talledLocalContainer] 20:30:25,917 ERROR [stderr] (default task-21) 	at org.hibernate.engine.jdbc.spi.SqlExceptionHelper.convert(SqlExceptionHelper.java:112)
[20:30:25.918][info][talledLocalContainer] 20:30:25,918 ERROR [stderr] (default task-21) 	at org.hibernate.engine.jdbc.internal.ResultSetReturnImpl.executeUpdate(ResultSetReturnImpl.java:211)
[20:30:25.919][info][talledLocalContainer] 20:30:25,918 ERROR [stderr] (default task-21) 	at org.hibernate.id.IdentityGenerator$GetGeneratedKeysDelegate.executeAndExtract(IdentityGenerator.java:96)
[20:30:25.919][info][talledLocalContainer] 20:30:25,919 ERROR [stderr] (default task-21) 	at org.hibernate.id.insert.AbstractReturningDelegate.performInsert(AbstractReturningDelegate.java:58)
[20:30:25.920][info][talledLocalContainer] 20:30:25,920 ERROR [stderr] (default task-21) 	at org.hibernate.persister.entity.AbstractEntityPersister.insert(AbstractEntityPersister.java:3032)
[20:30:25.921][info][talledLocalContainer] 20:30:25,920 ERROR [stderr] (default task-21) 	at org.hibernate.persister.entity.AbstractEntityPersister.insert(AbstractEntityPersister.java:3558)
[20:30:25.921][info][talledLocalContainer] 20:30:25,921 ERROR [stderr] (default task-21) 	at org.hibernate.action.internal.EntityIdentityInsertAction.execute(EntityIdentityInsertAction.java:98)
[20:30:25.923][info][talledLocalContainer] 20:30:25,922 ERROR [stderr] (default task-21) 	at org.hibernate.engine.spi.ActionQueue.execute(ActionQueue.java:490)
[20:30:25.924][info][talledLocalContainer] 20:30:25,923 ERROR [stderr] (default task-21) 	at org.hibernate.engine.spi.ActionQueue.addResolvedEntityInsertAction(ActionQueue.java:195)
[20:30:25.925][info][talledLocalContainer] 20:30:25,924 ERROR [stderr] (default task-21) 	at org.hibernate.engine.spi.ActionQueue.addInsertAction(ActionQueue.java:179)
[20:30:25.925][info][talledLocalContainer] 20:30:25,925 ERROR [stderr] (default task-21) 	at org.hibernate.engine.spi.ActionQueue.addAction(ActionQueue.java:214)
[20:30:25.926][info][talledLocalContainer] 20:30:25,925 ERROR [stderr] (default task-21) 	at org.hibernate.event.internal.AbstractSaveEventListener.addInsertAction(AbstractSaveEventListener.java:324)
[20:30:25.926][info][talledLocalContainer] 20:30:25,926 ERROR [stderr] (default task-21) 	at org.hibernate.event.internal.AbstractSaveEventListener.performSaveOrReplicate(AbstractSaveEventListener.java:288)
[20:30:25.927][info][talledLocalContainer] 20:30:25,927 ERROR [stderr] (default task-21) 	at org.hibernate.event.internal.AbstractSaveEventListener.performSave(AbstractSaveEventListener.java:194)
[20:30:25.928][info][talledLocalContainer] 20:30:25,927 ERROR [stderr] (default task-21) 	at org.hibernate.event.internal.AbstractSaveEventListener.saveWithGeneratedId(AbstractSaveEventListener.java:125)
[20:30:25.928][info][talledLocalContainer] 20:30:25,928 ERROR [stderr] (default task-21) 	at org.hibernate.jpa.event.internal.core.JpaPersistEventListener.saveWithGeneratedId(JpaPersistEventListener.java:84)
[20:30:25.929][info][talledLocalContainer] 20:30:25,929 ERROR [stderr] (default task-21) 	at org.hibernate.event.internal.DefaultPersistEventListener.entityIsTransient(DefaultPersistEventListener.java:206)
[20:30:25.930][info][talledLocalContainer] 20:30:25,929 ERROR [stderr] (default task-21) 	at org.hibernate.event.internal.DefaultPersistEventListener.onPersist(DefaultPersistEventListener.java:149)
[20:30:25.931][info][talledLocalContainer] 20:30:25,930 ERROR [stderr] (default task-21) 	at org.hibernate.event.internal.DefaultPersistEventListener.onPersist(DefaultPersistEventListener.java:75)
[20:30:25.931][info][talledLocalContainer] 20:30:25,931 ERROR [stderr] (default task-21) 	at org.hibernate.internal.SessionImpl.firePersist(SessionImpl.java:811)
[20:30:25.932][info][talledLocalContainer] 20:30:25,931 ERROR [stderr] (default task-21) 	at org.hibernate.internal.SessionImpl.persist(SessionImpl.java:784)
[20:30:25.932][info][talledLocalContainer] 20:30:25,932 ERROR [stderr] (default task-21) 	at org.hibernate.internal.SessionImpl.persist(SessionImpl.java:789)
[20:30:25.933][info][talledLocalContainer] 20:30:25,933 ERROR [stderr] (default task-21) 	at org.hibernate.jpa.spi.AbstractEntityManagerImpl.persist(AbstractEntityManagerImpl.java:1181)
[20:30:25.934][info][talledLocalContainer] 20:30:25,933 ERROR [stderr] (default task-21) 	... 71 more
[20:30:25.935][info][talledLocalContainer] 20:30:25,934 ERROR [stderr] (default task-21) Caused by: com.mysql.jdbc.exceptions.jdbc4.MySQLIntegrityConstraintViolationException: Duplicate entry '123123' for key 'email'
[20:30:25.935][info][talledLocalContainer] 20:30:25,935 ERROR [stderr] (default task-21) 	at sun.reflect.NativeConstructorAccessorImpl.newInstance0(Native Method)
[20:30:25.936][info][talledLocalContainer] 20:30:25,936 ERROR [stderr] (default task-21) 	at sun.reflect.NativeConstructorAccessorImpl.newInstance(NativeConstructorAccessorImpl.java:62)
[20:30:25.937][info][talledLocalContainer] 20:30:25,936 ERROR [stderr] (default task-21) 	at sun.reflect.DelegatingConstructorAccessorImpl.newInstance(DelegatingConstructorAccessorImpl.java:45)
[20:30:25.937][info][talledLocalContainer] 20:30:25,937 ERROR [stderr] (default task-21) 	at java.lang.reflect.Constructor.newInstance(Constructor.java:422)
[20:30:25.938][info][talledLocalContainer] 20:30:25,937 ERROR [stderr] (default task-21) 	at com.mysql.jdbc.Util.handleNewInstance(Util.java:377)
[20:30:25.938][info][talledLocalContainer] 20:30:25,938 ERROR [stderr] (default task-21) 	at com.mysql.jdbc.Util.getInstance(Util.java:360)
[20:30:25.939][info][talledLocalContainer] 20:30:25,938 ERROR [stderr] (default task-21) 	at com.mysql.jdbc.SQLError.createSQLException(SQLError.java:971)
[20:30:25.939][info][talledLocalContainer] 20:30:25,939 ERROR [stderr] (default task-21) 	at com.mysql.jdbc.MysqlIO.checkErrorPacket(MysqlIO.java:3887)
[20:30:25.940][info][talledLocalContainer] 20:30:25,940 ERROR [stderr] (default task-21) 	at com.mysql.jdbc.MysqlIO.checkErrorPacket(MysqlIO.java:3823)
[20:30:25.941][info][talledLocalContainer] 20:30:25,940 ERROR [stderr] (default task-21) 	at com.mysql.jdbc.MysqlIO.sendCommand(MysqlIO.java:2435)
[20:30:25.941][info][talledLocalContainer] 20:30:25,941 ERROR [stderr] (default task-21) 	at com.mysql.jdbc.MysqlIO.sqlQueryDirect(MysqlIO.java:2582)
[20:30:25.942][info][talledLocalContainer] 20:30:25,941 ERROR [stderr] (default task-21) 	at com.mysql.jdbc.ConnectionImpl.execSQL(ConnectionImpl.java:2530)
[20:30:25.942][info][talledLocalContainer] 20:30:25,942 ERROR [stderr] (default task-21) 	at com.mysql.jdbc.PreparedStatement.executeInternal(PreparedStatement.java:1907)
[20:30:25.943][info][talledLocalContainer] 20:30:25,943 ERROR [stderr] (default task-21) 	at com.mysql.jdbc.PreparedStatement.executeUpdate(PreparedStatement.java:2141)
[20:30:25.943][info][talledLocalContainer] 20:30:25,943 ERROR [stderr] (default task-21) 	at com.mysql.jdbc.PreparedStatement.executeUpdate(PreparedStatement.java:2077)
[20:30:25.944][info][talledLocalContainer] 20:30:25,944 ERROR [stderr] (default task-21) 	at com.mysql.jdbc.PreparedStatement.executeUpdate(PreparedStatement.java:2062)
[20:30:25.945][info][talledLocalContainer] 20:30:25,944 ERROR [stderr] (default task-21) 	at org.jboss.jca.adapters.jdbc.WrappedPreparedStatement.executeUpdate(WrappedPreparedStatement.java:493)
[20:30:25.945][info][talledLocalContainer] 20:30:25,945 ERROR [stderr] (default task-21) 	at org.hibernate.engine.jdbc.internal.ResultSetReturnImpl.executeUpdate(ResultSetReturnImpl.java:208)
[20:30:25.946][info][talledLocalContainer] 20:30:25,946 ERROR [stderr] (default task-21) 	... 92 more
[20:30:25.968][info][talledLocalContainer] 20:30:25,965 ERROR [org.jboss.as.txn] (default task-21) JBAS010152: APPLICATION ERROR: transaction still active in request with status 1
[20:32:58.744][info][talledLocalContainer] 20:32:58,743 INFO  [stdout] (default task-23) Starting transaction
[20:32:58.911][info][talledLocalContainer] 20:32:58,911 INFO  [stdout] (default task-23) Committing transaction
[20:32:58.912][info][talledLocalContainer] 20:32:58,912 INFO  [stdout] (default task-23) Starting transaction
[20:32:59.088][info][talledLocalContainer] 20:32:59,088 INFO  [stdout] (default task-23) Committing transaction
